Arguments: 
  /usr/local/bin/node /usr/local/bin/yarn add react-read-pdf

PATH: 
  /Users/ankitawal/google-cloud-sdk/bin:/usr/local/bin:/usr/bin:/bin:/usr/sbin:/sbin:/Library/Apple/usr/bin:/Library/Apple/bin:/Library/TeX/texbin:/Users/ankitawal/.rvm/bin:/Users/ankitawal/.nexustools

Yarn version: 
  1.3.2

Node version: 
  8.10.0

Platform: 
  darwin x64

npm manifest: 
  {
    "name": "Base_app",
    "version": "0.1.0",
    "private": true,
    "dependencies": {
      "DatePicker": "^2.0.0",
      "axios": "^0.19.0",
      "bootstrap": "^4.3.1",
      "disable-browser-back-navigation": "^0.1.0",
      "nachos-ui": "^0.2.0-beta.1",
      "pdf-viewer-reactjs": "^1.0.5",
      "react": "16.6.3",
      "react-art": "16.6.3",
      "react-bootstrap": "^1.0.0-beta.14",
      "react-compound-timer": "^1.1.15",
      "react-custom-date-picker": "^1.2.1",
      "react-date-picker": "^7.8.2",
      "react-datepicker": "^2.10.0",
      "react-dom": "16.6.3",
      "react-email-autocomplete": "^1.3.1",
      "react-native": "0.57.8",
      "react-native-elements": "^1.2.7",
      "react-native-match-media": "^0.1.1",
      "react-native-modal": "^11.5.1",
      "react-native-modest-checkbox": "^3.3.0",
      "react-native-paper": "^3.0.0",
      "react-native-responsive": "^1.0.2",
      "react-native-searchable-dropdown": "^1.1.1",
      "react-native-slick": "^1.0.2",
      "react-native-snap-carousel": "^3.8.4",
      "react-native-vector-icons": "^6.6.0",
      "react-native-web": "0.11.0",
      "react-navigation": "^2.17.0",
      "react-otp-input": "^1.0.1",
      "react-pin-input": "^0.9.0",
      "react-router-dom": "^4.3.1",
      "react-router-modal": "^1.4.2",
      "react-simple-checkbox": "^1.3.0",
      "react-slick": "^0.25.2",
      "redux": "^4.0.4",
      "slick-carousel": "^1.8.1"
    },
    "devDependencies": {
      "babel-jest": "^23.4.0",
      "babel-preset-react-native": "^5",
      "jest": "^23.4.1",
      "react-scripts": "1.1.5",
      "react-test-renderer": "^16.3.1"
    },
    "scripts": {
      "start": "node node_modules/react-native/local-cli/cli.js start",
      "test": "jest",
      "start-ios": "react-native run-ios",
      "start-android": "react-native run-android",
      "start-web": "react-scripts start",
      "build": "react-scripts build",
      "test-web": "react-scripts test --env=jsdom",
      "eject-web": "react-scripts eject"
    },
    "jest": {
      "preset": "react-native"
    }
  }

yarn manifest: 
  No manifest

Lockfile: 
  No lockfile

Trace: 
  Error: EACCES: permission denied, mkdir '/Users/ankitawal/Documents/icici_react_native/icici_reactnative/node_modules/babel-register/node_modules/source-map-support'
